{"total": {"lines":{"total":390,"covered":159,"skipped":0,"pct":40.76},"statements":{"total":446,"covered":179,"skipped":0,"pct":40.13},"functions":{"total":116,"covered":27,"skipped":0,"pct":23.27},"branches":{"total":230,"covered":84,"skipped":0,"pct":36.52},"branchesTrue":{"total":0,"covered":0,"skipped":0,"pct":100}}
,"/home/sean/Program/fate-match/src/App.tsx": {"lines":{"total":19,"covered":0,"skipped":0,"pct":0},"functions":{"total":11,"covered":0,"skipped":0,"pct":0},"statements":{"total":22,"covered":0,"skipped":0,"pct":0},"branches":{"total":20,"covered":0,"skipped":0,"pct":0}}
,"/home/sean/Program/fate-match/src/types.ts": {"lines":{"total":0,"covered":0,"skipped":0,"pct":100},"functions":{"total":0,"covered":0,"skipped":0,"pct":100},"statements":{"total":0,"covered":0,"skipped":0,"pct":100},"branches":{"total":0,"covered":0,"skipped":0,"pct":100}}
,"/home/sean/Program/fate-match/src/components/HistoryPanel.tsx": {"lines":{"total":8,"covered":0,"skipped":0,"pct":0},"functions":{"total":6,"covered":0,"skipped":0,"pct":0},"statements":{"total":9,"covered":0,"skipped":0,"pct":0},"branches":{"total":6,"covered":0,"skipped":0,"pct":0}}
,"/home/sean/Program/fate-match/src/components/MatchEngine.tsx": {"lines":{"total":12,"covered":0,"skipped":0,"pct":0},"functions":{"total":3,"covered":0,"skipped":0,"pct":0},"statements":{"total":14,"covered":0,"skipped":0,"pct":0},"branches":{"total":15,"covered":0,"skipped":0,"pct":0}}
,"/home/sean/Program/fate-match/src/components/MatchResultCard.tsx": {"lines":{"total":76,"covered":0,"skipped":0,"pct":0},"functions":{"total":15,"covered":0,"skipped":0,"pct":0},"statements":{"total":81,"covered":0,"skipped":0,"pct":0},"branches":{"total":18,"covered":0,"skipped":0,"pct":0}}
,"/home/sean/Program/fate-match/src/components/MyDataForm.tsx": {"lines":{"total":35,"covered":0,"skipped":0,"pct":0},"functions":{"total":11,"covered":0,"skipped":0,"pct":0},"statements":{"total":38,"covered":0,"skipped":0,"pct":0},"branches":{"total":26,"covered":0,"skipped":0,"pct":0}}
,"/home/sean/Program/fate-match/src/components/PartnerList.tsx": {"lines":{"total":36,"covered":0,"skipped":0,"pct":0},"functions":{"total":13,"covered":0,"skipped":0,"pct":0},"statements":{"total":43,"covered":0,"skipped":0,"pct":0},"branches":{"total":18,"covered":0,"skipped":0,"pct":0}}
,"/home/sean/Program/fate-match/src/components/RegionPhotos.tsx": {"lines":{"total":39,"covered":0,"skipped":0,"pct":0},"functions":{"total":29,"covered":0,"skipped":0,"pct":0},"statements":{"total":50,"covered":0,"skipped":0,"pct":0},"branches":{"total":27,"covered":0,"skipped":0,"pct":0}}
,"/home/sean/Program/fate-match/src/utils/bazi.ts": {"lines":{"total":115,"covered":110,"skipped":0,"pct":95.65},"functions":{"total":17,"covered":17,"skipped":0,"pct":100},"statements":{"total":134,"covered":126,"skipped":0,"pct":94.02},"branches":{"total":86,"covered":70,"skipped":0,"pct":81.39}}
,"/home/sean/Program/fate-match/src/utils/photoGenerator.ts": {"lines":{"total":23,"covered":23,"skipped":0,"pct":100},"functions":{"total":4,"covered":3,"skipped":0,"pct":75},"statements":{"total":25,"covered":24,"skipped":0,"pct":96},"branches":{"total":8,"covered":8,"skipped":0,"pct":100}}
,"/home/sean/Program/fate-match/src/utils/storage.ts": {"lines":{"total":27,"covered":26,"skipped":0,"pct":96.29},"functions":{"total":7,"covered":7,"skipped":0,"pct":100},"statements":{"total":30,"covered":29,"skipped":0,"pct":96.66},"branches":{"total":6,"covered":6,"skipped":0,"pct":100}}
}
