{"total": {"lines":{"total":390,"covered":56,"skipped":0,"pct":14.35},"statements":{"total":446,"covered":59,"skipped":0,"pct":13.22},"functions":{"total":116,"covered":12,"skipped":0,"pct":10.34},"branches":{"total":230,"covered":13,"skipped":0,"pct":5.65},"branchesTrue":{"total":0,"covered":0,"skipped":0,"pct":100}}
,"/home/sean/Program/fate-match/src/App.tsx": {"lines":{"total":19,"covered":0,"skipped":0,"pct":0},"functions":{"total":11,"covered":0,"skipped":0,"pct":0},"statements":{"total":22,"covered":0,"skipped":0,"pct":0},"branches":{"total":20,"covered":0,"skipped":0,"pct":0}}
,"/home/sean/Program/fate-match/src/types.ts": {"lines":{"total":0,"covered":0,"skipped":0,"pct":100},"functions":{"total":0,"covered":0,"skipped":0,"pct":100},"statements":{"total":0,"covered":0,"skipped":0,"pct":100},"branches":{"total":0,"covered":0,"skipped":0,"pct":100}}
,"/home/sean/Program/fate-match/src/components/HistoryPanel.tsx": {"lines":{"total":8,"covered":0,"skipped":0,"pct":0},"functions":{"total":6,"covered":0,"skipped":0,"pct":0},"statements":{"total":9,"covered":0,"skipped":0,"pct":0},"branches":{"total":6,"covered":0,"skipped":0,"pct":0}}
,"/home/sean/Program/fate-match/src/components/MatchEngine.tsx": {"lines":{"total":12,"covered":0,"skipped":0,"pct":0},"functions":{"total":3,"covered":0,"skipped":0,"pct":0},"statements":{"total":14,"covered":0,"skipped":0,"pct":0},"branches":{"total":15,"covered":0,"skipped":0,"pct":0}}
,"/home/sean/Program/fate-match/src/components/MatchResultCard.tsx": {"lines":{"total":76,"covered":0,"skipped":0,"pct":0},"functions":{"total":15,"covered":0,"skipped":0,"pct":0},"statements":{"total":81,"covered":0,"skipped":0,"pct":0},"branches":{"total":18,"covered":0,"skipped":0,"pct":0}}
,"/home/sean/Program/fate-match/src/components/MyDataForm.tsx": {"lines":{"total":35,"covered":0,"skipped":0,"pct":0},"functions":{"total":11,"covered":0,"skipped":0,"pct":0},"statements":{"total":38,"covered":0,"skipped":0,"pct":0},"branches":{"total":26,"covered":0,"skipped":0,"pct":0}}
,"/home/sean/Program/fate-match/src/components/PartnerList.tsx": {"lines":{"total":36,"covered":0,"skipped":0,"pct":0},"functions":{"total":13,"covered":0,"skipped":0,"pct":0},"statements":{"total":43,"covered":0,"skipped":0,"pct":0},"branches":{"total":18,"covered":0,"skipped":0,"pct":0}}
,"/home/sean/Program/fate-match/src/components/RegionPhotos.tsx": {"lines":{"total":39,"covered":0,"skipped":0,"pct":0},"functions":{"total":29,"covered":0,"skipped":0,"pct":0},"statements":{"total":50,"covered":0,"skipped":0,"pct":0},"branches":{"total":27,"covered":0,"skipped":0,"pct":0}}
,"/home/sean/Program/fate-match/src/utils/bazi.ts": {"lines":{"total":115,"covered":29,"skipped":0,"pct":25.21},"functions":{"total":17,"covered":5,"skipped":0,"pct":29.41},"statements":{"total":134,"covered":29,"skipped":0,"pct":21.64},"branches":{"total":86,"covered":7,"skipped":0,"pct":8.13}}
,"/home/sean/Program/fate-match/src/utils/photoGenerator.ts": {"lines":{"total":23,"covered":1,"skipped":0,"pct":4.34},"functions":{"total":4,"covered":0,"skipped":0,"pct":0},"statements":{"total":25,"covered":1,"skipped":0,"pct":4},"branches":{"total":8,"covered":0,"skipped":0,"pct":0}}
,"/home/sean/Program/fate-match/src/utils/storage.ts": {"lines":{"total":27,"covered":26,"skipped":0,"pct":96.29},"functions":{"total":7,"covered":7,"skipped":0,"pct":100},"statements":{"total":30,"covered":29,"skipped":0,"pct":96.66},"branches":{"total":6,"covered":6,"skipped":0,"pct":100}}
}
